2022-06-27 16:44:37.179 +06:00 [FTL] Application start-up failed
System.InvalidOperationException: Action 'DashboardAPI.Controllers.TokenController.TryLogin (DashboardAPI)' does not have an attribute route. Action methods on controllers annotated with ApiControllerAttribute must be attribute routed.
   at Microsoft.AspNetCore.Mvc.ApplicationModels.ApiBehaviorApplicationModelProvider.EnsureActionIsAttributeRouted(ActionModel actionModel)
   at Microsoft.AspNetCore.Mvc.ApplicationModels.ApiBehaviorApplicationModelProvider.OnProvidersExecuting(ApplicationModelProviderContext context)
   at Microsoft.AspNetCore.Mvc.ApplicationModels.ApplicationModelFactory.CreateApplicationModel(IEnumerable`1 controllerTypes)
   at Microsoft.AspNetCore.Mvc.ApplicationModels.ControllerActionDescriptorProvider.GetDescriptors()
   at Microsoft.AspNetCore.Mvc.ApplicationModels.ControllerActionDescriptorProvider.OnProvidersExecuting(ActionDescriptorProviderContext context)
   at Microsoft.AspNetCore.Mvc.Infrastructure.DefaultActionDescriptorCollectionProvider.UpdateCollection()
   at Microsoft.AspNetCore.Mvc.Infrastructure.DefaultActionDescriptorCollectionProvider.Initialize()
   at Microsoft.AspNetCore.Mvc.Routing.ActionEndpointDataSourceBase.<>c__DisplayClass11_0.<Subscribe>b__0()
   at Microsoft.Extensions.Primitives.ChangeToken.OnChange(Func`1 changeTokenProducer, Action changeTokenConsumer)
   at Microsoft.AspNetCore.Mvc.Routing.ActionEndpointDataSourceBase.Subscribe()
   at Microsoft.AspNetCore.Mvc.Routing.ControllerActionEndpointDataSource..ctor(ControllerActionEndpointDataSourceIdProvider dataSourceIdProvider, IActionDescriptorCollectionProvider actions, ActionEndpointFactory endpointFactory, OrderedEndpointsSequenceProvider orderSequence)
   at Microsoft.AspNetCore.Builder.ControllerEndpointRouteBuilderExtensions.GetOrCreateDataSource(IEndpointRouteBuilder endpoints)
   at Microsoft.AspNetCore.Builder.ControllerEndpointRouteBuilderExtensions.MapControllers(IEndpointRouteBuilder endpoints)
   at Program.<Main>$(String[] args) in E:\DashboardAPI\Program.cs:line 59
2022-06-27 16:45:04.414 +06:00 [FTL] Application start-up failed
System.InvalidOperationException: Action 'DashboardAPI.Controllers.TokenController.TryLogin (DashboardAPI)' does not have an attribute route. Action methods on controllers annotated with ApiControllerAttribute must be attribute routed.
   at Microsoft.AspNetCore.Mvc.ApplicationModels.ApiBehaviorApplicationModelProvider.EnsureActionIsAttributeRouted(ActionModel actionModel)
   at Microsoft.AspNetCore.Mvc.ApplicationModels.ApiBehaviorApplicationModelProvider.OnProvidersExecuting(ApplicationModelProviderContext context)
   at Microsoft.AspNetCore.Mvc.ApplicationModels.ApplicationModelFactory.CreateApplicationModel(IEnumerable`1 controllerTypes)
   at Microsoft.AspNetCore.Mvc.ApplicationModels.ControllerActionDescriptorProvider.GetDescriptors()
   at Microsoft.AspNetCore.Mvc.ApplicationModels.ControllerActionDescriptorProvider.OnProvidersExecuting(ActionDescriptorProviderContext context)
   at Microsoft.AspNetCore.Mvc.Infrastructure.DefaultActionDescriptorCollectionProvider.UpdateCollection()
   at Microsoft.AspNetCore.Mvc.Infrastructure.DefaultActionDescriptorCollectionProvider.Initialize()
   at Microsoft.AspNetCore.Mvc.Routing.ActionEndpointDataSourceBase.<>c__DisplayClass11_0.<Subscribe>b__0()
   at Microsoft.Extensions.Primitives.ChangeToken.OnChange(Func`1 changeTokenProducer, Action changeTokenConsumer)
   at Microsoft.AspNetCore.Mvc.Routing.ActionEndpointDataSourceBase.Subscribe()
   at Microsoft.AspNetCore.Mvc.Routing.ControllerActionEndpointDataSource..ctor(ControllerActionEndpointDataSourceIdProvider dataSourceIdProvider, IActionDescriptorCollectionProvider actions, ActionEndpointFactory endpointFactory, OrderedEndpointsSequenceProvider orderSequence)
   at Microsoft.AspNetCore.Builder.ControllerEndpointRouteBuilderExtensions.GetOrCreateDataSource(IEndpointRouteBuilder endpoints)
   at Microsoft.AspNetCore.Builder.ControllerEndpointRouteBuilderExtensions.MapControllers(IEndpointRouteBuilder endpoints)
   at Program.<Main>$(String[] args) in E:\DashboardAPI\Program.cs:line 59
2022-06-27 16:58:49.449 +06:00 [ERR] An unhandled exception has occurred while executing the request.
System.InvalidOperationException: No authenticationScheme was specified, and there was no DefaultChallengeScheme found. The default schemes can be set using either AddAuthentication(string defaultScheme) or AddAuthentication(Action<AuthenticationOptions> configureOptions).
   at Microsoft.AspNetCore.Authentication.AuthenticationService.ChallengeAsync(HttpContext context, String scheme, AuthenticationProperties properties)
   at Microsoft.AspNetCore.Authorization.Policy.AuthorizationMiddlewareResultHandler.HandleAsync(RequestDelegate next, HttpContext context, AuthorizationPolicy policy, PolicyAuthorizationResult authorizeResult)
   at Microsoft.AspNetCore.Authorization.AuthorizationMiddleware.Invoke(HttpContext context)
   at Swashbuckle.AspNetCore.SwaggerUI.SwaggerUIMiddleware.Invoke(HttpContext httpContext)
   at Swashbuckle.AspNetCore.Swagger.SwaggerMiddleware.Invoke(HttpContext httpContext, ISwaggerProvider swaggerProvider)
   at Microsoft.AspNetCore.Diagnostics.DeveloperExceptionPageMiddleware.Invoke(HttpContext context)
2022-06-27 17:00:38.520 +06:00 [ERR] An unhandled exception has occurred while executing the request.
System.InvalidOperationException: No authenticationScheme was specified, and there was no DefaultChallengeScheme found. The default schemes can be set using either AddAuthentication(string defaultScheme) or AddAuthentication(Action<AuthenticationOptions> configureOptions).
   at Microsoft.AspNetCore.Authentication.AuthenticationService.ChallengeAsync(HttpContext context, String scheme, AuthenticationProperties properties)
   at Microsoft.AspNetCore.Authorization.Policy.AuthorizationMiddlewareResultHandler.HandleAsync(RequestDelegate next, HttpContext context, AuthorizationPolicy policy, PolicyAuthorizationResult authorizeResult)
   at Microsoft.AspNetCore.Authorization.AuthorizationMiddleware.Invoke(HttpContext context)
   at Swashbuckle.AspNetCore.SwaggerUI.SwaggerUIMiddleware.Invoke(HttpContext httpContext)
   at Swashbuckle.AspNetCore.Swagger.SwaggerMiddleware.Invoke(HttpContext httpContext, ISwaggerProvider swaggerProvider)
   at Microsoft.AspNetCore.Diagnostics.DeveloperExceptionPageMiddleware.Invoke(HttpContext context)
